<?xml version="1.0" encoding="UTF-8"?>
<testsuite xmlns:xsi="http://www.w3.org/2001/XMLSchema-instance" xsi:noNamespaceSchemaLocation="https://maven.apache.org/surefire/maven-surefire-plugin/xsd/surefire-test-report-3.0.xsd" version="3.0" name="com.retrythesis.tests.FlakyTest" time="0.8" tests="2" errors="0" skipped="1" failures="0">
  <properties>
[...]
</properties>
  <testcase name="testRandomFlaky" classname="com.retrythesis.tests.FlakyTest" time="0">
    <skipped message="Flaky test failed: value &lt;= 0.5 expected [true] but found [false]"/>
    <system-out><![CDATA[null
13:00:57 INFO  [com.retrythesis.tests.FlakyTest] - Generated value: 0.06681106525279423
📁 'logs' directory already exists.
13:00:57 INFO  [com.retrythesis.tests.RetryAnalyzer] - Retrying test 'testRandomFlaky' | Attempt: 1 | Time: 1755435657517
]]></system-out>
  </testcase>
  <testcase name="testRandomFlaky" classname="com.retrythesis.tests.FlakyTest" time="0.006">
    <system-out><![CDATA[null
13:00:57 INFO  [com.retrythesis.tests.FlakyTest] - Generated value: 0.829346659732944
]]></system-out>
  </testcase>
</testsuite>