<?xml version="1.0" encoding="UTF-8"?>
<testng-results ignored="0" total="1" passed="1" failed="0" skipped="0">
  <reporter-output>
  </reporter-output>
  <suite started-at="2025-07-19T12:55:33Z" name="Default suite" finished-at="2025-07-19T12:55:34Z" duration-ms="159">
    <groups>
    </groups>
    <test started-at="2025-07-19T12:55:33Z" name="Default test" finished-at="2025-07-19T12:55:34Z" duration-ms="159">
      <class name="com.retrythesis.tests.FlakyTest">
        <test-method signature="testRandomFlaky()[pri:0, instance:com.retrythesis.tests.FlakyTest@15043a2f]" started-at="2025-07-19T12:55:34Z" name="testRandomFlaky" finished-at="2025-07-19T12:55:34Z" duration-ms="55" status="PASS">
          <reporter-output>
          </reporter-output>
        </test-method> <!-- testRandomFlaky -->
      </class> <!-- com.retrythesis.tests.FlakyTest -->
    </test> <!-- Default test -->
  </suite> <!-- Default suite -->
</testng-results>
